{"name": "Закрытие деталей ингредиентов по нажатию на крестик", "status": "broken", "statusDetails": {"message": "selenium.common.exceptions.NoSuchElementException: Message: no such element: Unable to locate element: {\"method\":\"xpath\",\"selector\":\".//a[@href='/ingredient/61c0c5a71d1f82001bdaaa6e']\"}\n  (Session info: chrome=126.0.6478.127); For documentation on this error, please visit: https://www.selenium.dev/documentation/webdriver/troubleshooting/errors#no-such-element-exception\nStacktrace:\n\tGetHandleVerifier [0x00007FF6E87BEEA2+31554]\n\t(No symbol) [0x00007FF6E8737ED9]\n\t(No symbol) [0x00007FF6E85F872A]\n\t(No symbol) [0x00007FF6E8648434]\n\t(No symbol) [0x00007FF6E864853C]\n\t(No symbol) [0x00007FF6E868F6A7]\n\t(No symbol) [0x00007FF6E866D06F]\n\t(No symbol) [0x00007FF6E868C977]\n\t(No symbol) [0x00007FF6E866CDD3]\n\t(No symbol) [0x00007FF6E863A33B]\n\t(No symbol) [0x00007FF6E863AED1]\n\tGetHandleVerifier [0x00007FF6E8AC8B1D+3217341]\n\tGetHandleVerifier [0x00007FF6E8B15AE3+3532675]\n\tGetHandleVerifier [0x00007FF6E8B0B0E0+3489152]\n\tGetHandleVerifier [0x00007FF6E886E776+750614]\n\t(No symbol) [0x00007FF6E874375F]\n\t(No symbol) [0x00007FF6E873EB14]\n\t(No symbol) [0x00007FF6E873ECA2]\n\t(No symbol) [0x00007FF6E872E16F]\n\tBaseThreadInitThunk [0x00007FFAB16B7344+20]\n\tRtlUserThreadStart [0x00007FFAB299CC91+33]", "trace": "self = <test_main_functions.TestMainPage object at 0x00000218EDA3AB40>, driver = <selenium.webdriver.chrome.webdriver.WebDriver (session=\"e087956aa10f0ca7e299957118176171\")>\n\n    @allure.title('Закрытие деталей ингредиентов по нажатию на крестик')\n    def test_main_page_ingredient_modal_close(self, driver):\n        main_page = MainPage(driver)\n        main_page.wait_element(MainPageLocators.CONSTRUCTOR)\n>       main_page.scroll_page(MainPageLocators.LINK_FILLING)\n\ntests\\test_main_functions.py:47: \n_ _ _ _ _ _ _ _ _ _ _ _ _ _ _ _ _ _ _ _ _ _ _ _ _ _ _ _ _ _ _ _ _ _ _ _ _ _ _ _ _ _ _ _ _ _ _ _ _ _ _ _ _ _ _ _ _ _ _ _ _ _ _ _ _ _ _ _ _ _ _ _ _ _ _ _ _ _ _ _ _ _ _ _ _ _ _ _ _ _ _ _ _ _ _ _ _ _ _ _ _ _ _ _ _ _ _ _ _ _ _ _ _ _ _ _\npage_objects\\base_page.py:32: in scroll_page\n    element = self.driver.find_element(*locator)\n.venv\\Lib\\site-packages\\selenium\\webdriver\\remote\\webdriver.py:741: in find_element\n    return self.execute(Command.FIND_ELEMENT, {\"using\": by, \"value\": value})[\"value\"]\n.venv\\Lib\\site-packages\\selenium\\webdriver\\remote\\webdriver.py:347: in execute\n    self.error_handler.check_response(response)\n_ _ _ _ _ _ _ _ _ _ _ _ _ _ _ _ _ _ _ _ _ _ _ _ _ _ _ _ _ _ _ _ _ _ _ _ _ _ _ _ _ _ _ _ _ _ _ _ _ _ _ _ _ _ _ _ _ _ _ _ _ _ _ _ _ _ _ _ _ _ _ _ _ _ _ _ _ _ _ _ _ _ _ _ _ _ _ _ _ _ _ _ _ _ _ _ _ _ _ _ _ _ _ _ _ _ _ _ _ _ _ _ _ _ _ _\n\nself = <selenium.webdriver.remote.errorhandler.ErrorHandler object at 0x00000218EDB17890>\nresponse = {'status': 404, 'value': '{\"value\":{\"error\":\"no such element\",\"message\":\"no such element: Unable to locate element: {\\...07FF6E872E16F]\\\\n\\\\tBaseThreadInitThunk [0x00007FFAB16B7344+20]\\\\n\\\\tRtlUserThreadStart [0x00007FFAB299CC91+33]\\\\n\"}}'}\n\n    def check_response(self, response: Dict[str, Any]) -> None:\n        \"\"\"Checks that a JSON response from the WebDriver does not have an\n        error.\n    \n        :Args:\n         - response - The JSON response from the WebDriver server as a dictionary\n           object.\n    \n        :Raises: If the response contains an error message.\n        \"\"\"\n        status = response.get(\"status\", None)\n        if not status or status == ErrorCode.SUCCESS:\n            return\n        value = None\n        message = response.get(\"message\", \"\")\n        screen: str = response.get(\"screen\", \"\")\n        stacktrace = None\n        if isinstance(status, int):\n            value_json = response.get(\"value\", None)\n            if value_json and isinstance(value_json, str):\n                import json\n    \n                try:\n                    value = json.loads(value_json)\n                    if len(value) == 1:\n                        value = value[\"value\"]\n                    status = value.get(\"error\", None)\n                    if not status:\n                        status = value.get(\"status\", ErrorCode.UNKNOWN_ERROR)\n                        message = value.get(\"value\") or value.get(\"message\")\n                        if not isinstance(message, str):\n                            value = message\n                            message = message.get(\"message\")\n                    else:\n                        message = value.get(\"message\", None)\n                except ValueError:\n                    pass\n    \n        exception_class: Type[WebDriverException]\n        e = ErrorCode()\n        error_codes = [item for item in dir(e) if not item.startswith(\"__\")]\n        for error_code in error_codes:\n            error_info = getattr(ErrorCode, error_code)\n            if isinstance(error_info, list) and status in error_info:\n                exception_class = getattr(ExceptionMapping, error_code, WebDriverException)\n                break\n        else:\n            exception_class = WebDriverException\n    \n        if not value:\n            value = response[\"value\"]\n        if isinstance(value, str):\n            raise exception_class(value)\n        if message == \"\" and \"message\" in value:\n            message = value[\"message\"]\n    \n        screen = None  # type: ignore[assignment]\n        if \"screen\" in value:\n            screen = value[\"screen\"]\n    \n        stacktrace = None\n        st_value = value.get(\"stackTrace\") or value.get(\"stacktrace\")\n        if st_value:\n            if isinstance(st_value, str):\n                stacktrace = st_value.split(\"\\n\")\n            else:\n                stacktrace = []\n                try:\n                    for frame in st_value:\n                        line = frame.get(\"lineNumber\", \"\")\n                        file = frame.get(\"fileName\", \"<anonymous>\")\n                        if line:\n                            file = f\"{file}:{line}\"\n                        meth = frame.get(\"methodName\", \"<anonymous>\")\n                        if \"className\" in frame:\n                            meth = f\"{frame['className']}.{meth}\"\n                        msg = \"    at %s (%s)\"\n                        msg = msg % (meth, file)\n                        stacktrace.append(msg)\n                except TypeError:\n                    pass\n        if exception_class == UnexpectedAlertPresentException:\n            alert_text = None\n            if \"data\" in value:\n                alert_text = value[\"data\"].get(\"text\")\n            elif \"alert\" in value:\n                alert_text = value[\"alert\"].get(\"text\")\n            raise exception_class(message, screen, stacktrace, alert_text)  # type: ignore[call-arg]  # mypy is not smart enough here\n>       raise exception_class(message, screen, stacktrace)\nE       selenium.common.exceptions.NoSuchElementException: Message: no such element: Unable to locate element: {\"method\":\"xpath\",\"selector\":\".//a[@href='/ingredient/61c0c5a71d1f82001bdaaa6e']\"}\nE         (Session info: chrome=126.0.6478.127); For documentation on this error, please visit: https://www.selenium.dev/documentation/webdriver/troubleshooting/errors#no-such-element-exception\nE       Stacktrace:\nE       \tGetHandleVerifier [0x00007FF6E87BEEA2+31554]\nE       \t(No symbol) [0x00007FF6E8737ED9]\nE       \t(No symbol) [0x00007FF6E85F872A]\nE       \t(No symbol) [0x00007FF6E8648434]\nE       \t(No symbol) [0x00007FF6E864853C]\nE       \t(No symbol) [0x00007FF6E868F6A7]\nE       \t(No symbol) [0x00007FF6E866D06F]\nE       \t(No symbol) [0x00007FF6E868C977]\nE       \t(No symbol) [0x00007FF6E866CDD3]\nE       \t(No symbol) [0x00007FF6E863A33B]\nE       \t(No symbol) [0x00007FF6E863AED1]\nE       \tGetHandleVerifier [0x00007FF6E8AC8B1D+3217341]\nE       \tGetHandleVerifier [0x00007FF6E8B15AE3+3532675]\nE       \tGetHandleVerifier [0x00007FF6E8B0B0E0+3489152]\nE       \tGetHandleVerifier [0x00007FF6E886E776+750614]\nE       \t(No symbol) [0x00007FF6E874375F]\nE       \t(No symbol) [0x00007FF6E873EB14]\nE       \t(No symbol) [0x00007FF6E873ECA2]\nE       \t(No symbol) [0x00007FF6E872E16F]\nE       \tBaseThreadInitThunk [0x00007FFAB16B7344+20]\nE       \tRtlUserThreadStart [0x00007FFAB299CC91+33]\n\n.venv\\Lib\\site-packages\\selenium\\webdriver\\remote\\errorhandler.py:229: NoSuchElementException"}, "steps": [{"name": "Ожидание появления элемента", "status": "passed", "parameters": [{"name": "locator", "value": "['xpath', \".//h1[text()='Соберите бургер']\"]"}], "start": 1719774179593, "stop": 1719774179607}, {"name": "Скроллить странцу до элемента", "status": "broken", "statusDetails": {"message": "selenium.common.exceptions.NoSuchElementException: Message: no such element: Unable to locate element: {\"method\":\"xpath\",\"selector\":\".//a[@href='/ingredient/61c0c5a71d1f82001bdaaa6e']\"}\n  (Session info: chrome=126.0.6478.127); For documentation on this error, please visit: https://www.selenium.dev/documentation/webdriver/troubleshooting/errors#no-such-element-exception\nStacktrace:\n\tGetHandleVerifier [0x00007FF6E87BEEA2+31554]\n\t(No symbol) [0x00007FF6E8737ED9]\n\t(No symbol) [0x00007FF6E85F872A]\n\t(No symbol) [0x00007FF6E8648434]\n\t(No symbol) [0x00007FF6E864853C]\n\t(No symbol) [0x00007FF6E868F6A7]\n\t(No symbol) [0x00007FF6E866D06F]\n\t(No symbol) [0x00007FF6E868C977]\n\t(No symbol) [0x00007FF6E866CDD3]\n\t(No symbol) [0x00007FF6E863A33B]\n\t(No symbol) [0x00007FF6E863AED1]\n\tGetHandleVerifier [0x00007FF6E8AC8B1D+3217341]\n\tGetHandleVerifier [0x00007FF6E8B15AE3+3532675]\n\tGetHandleVerifier [0x00007FF6E8B0B0E0+3489152]\n\tGetHandleVerifier [0x00007FF6E886E776+750614]\n\t(No symbol) [0x00007FF6E874375F]\n\t(No symbol) [0x00007FF6E873EB14]\n\t(No symbol) [0x00007FF6E873ECA2]\n\t(No symbol) [0x00007FF6E872E16F]\n\tBaseThreadInitThunk [0x00007FFAB16B7344+20]\n\tRtlUserThreadStart [0x00007FFAB299CC91+33]\n\n", "trace": "  File \"C:\\Users\\User\\Diplom\\Diplom_3\\.venv\\Lib\\site-packages\\allure_commons\\_allure.py\", line 192, in impl\n    return func(*a, **kw)\n           ^^^^^^^^^^^^^^\n  File \"C:\\Users\\User\\Diplom\\Diplom_3\\page_objects\\base_page.py\", line 32, in scroll_page\n    element = self.driver.find_element(*locator)\n              ^^^^^^^^^^^^^^^^^^^^^^^^^^^^^^^^^^\n  File \"C:\\Users\\User\\Diplom\\Diplom_3\\.venv\\Lib\\site-packages\\selenium\\webdriver\\remote\\webdriver.py\", line 741, in find_element\n    return self.execute(Command.FIND_ELEMENT, {\"using\": by, \"value\": value})[\"value\"]\n           ^^^^^^^^^^^^^^^^^^^^^^^^^^^^^^^^^^^^^^^^^^^^^^^^^^^^^^^^^^^^^^^^^\n  File \"C:\\Users\\User\\Diplom\\Diplom_3\\.venv\\Lib\\site-packages\\selenium\\webdriver\\remote\\webdriver.py\", line 347, in execute\n    self.error_handler.check_response(response)\n  File \"C:\\Users\\User\\Diplom\\Diplom_3\\.venv\\Lib\\site-packages\\selenium\\webdriver\\remote\\errorhandler.py\", line 229, in check_response\n    raise exception_class(message, screen, stacktrace)\n"}, "parameters": [{"name": "locator", "value": "['xpath', \".//a[@href='/ingredient/61c0c5a71d1f82001bdaaa6e']\"]"}], "start": 1719774179607, "stop": 1719774179614}], "parameters": [{"name": "driver", "value": "'chrome'"}], "start": 1719774179593, "stop": 1719774179639, "uuid": "023c7e85-e02b-4c47-a696-007f52f126f4", "historyId": "567ed38a6b10a75a96d536cee9e25abe", "testCaseId": "04322b5e79c87811424497c320c2fa8b", "fullName": "tests.test_main_functions.TestMainPage#test_main_page_ingredient_modal_close", "labels": [{"name": "parentSuite", "value": "tests"}, {"name": "suite", "value": "test_main_functions"}, {"name": "subSuite", "value": "TestMainPage"}, {"name": "host", "value": "DESKTOP-CENUCRE"}, {"name": "thread", "value": "11324-MainThread"}, {"name": "framework", "value": "pytest"}, {"name": "language", "value": "cpython3"}, {"name": "package", "value": "tests.test_main_functions"}]}